<?xml version="1.0" encoding="UTF-8"?>
<!-- Generated by org.testng.reporters.JUnitReportReporter -->
<testsuite skipped="0" hostname="DESKTOP-LCE9FOG" name="com.hrms.testcases.LoginTest" tests="1" failures="0" timestamp="2021-01-13T20:41:00 EST" time="7.894" errors="0">
  <testcase name="adminLogin" time="7.894" classname="com.hrms.testcases.LoginTest"/>
  <system-out/>
</testsuite> <!-- com.hrms.testcases.LoginTest -->
